2023-10-05 12:01:23 INFO: Application started successfully.
2023-10-05 12:02:45 DEBUG: Loading configuration file from /etc/app/config.yaml.
2023-10-05 12:03:10 INFO: User 'admin' logged in.
2023-10-05 12:04:56 WARNING: Disk usage is above 80% on /dev/sda1.
2023-10-05 12:05:34 DEBUG: Fetching data from API endpoint /api/v1/data.
2023-10-05 12:06:12 INFO: Data processing completed. 100 records processed.
2023-10-05 12:07:45 ERROR: Failed to connect to database: Connection timed out.
2023-10-05 12:08:23 WARNING: Retrying database connection (attempt 1 of 3).
2023-10-05 12:09:01 INFO: Database connection established successfully.
2023-10-05 12:10:15 DEBUG: Parsing JSON response from /api/v1/data.
2023-10-05 12:11:30 INFO: User 'john_doe' logged out.
2023-10-05 12:12:45 ERROR: File not found: /var/log/app/error.log.
2023-10-05 12:13:20 WARNING: High memory usage detected: 85% of total memory.
2023-10-05 12:14:55 INFO: Scheduled backup started.
2023-10-05 12:15:40 DEBUG: Validating backup file integrity.
2023-10-05 12:16:25 INFO: Backup completed successfully.
2023-10-05 12:17:10 ERROR: Failed to send email notification: SMTP server unavailable.
2023-10-05 12:18:05 WARNING: Email notification retry scheduled in 5 minutes.
2023-10-05 12:19:00 INFO: Application shutdown initiated.
2023-10-05 12:20:00 INFO: Application stopped.